<?xml version="1.0" encoding="UTF-8"?>
<testsuites name="A\u00F1adir producto Carrito Amazon" time="78.575" tests="2" failures="0" errors="0">
   <testsuite name="A\u00F1adir producto Carrito Amazon" tests="2" failures="0" errors="0" time="78.575" timestamp="2020-10-05 23:00:57" hostname="Karina - DESKTOP-LK08F6R" id="Test Suites/A\u00F1adir producto Carrito Amazon">
      <properties>
         <property name="deviceName" value=""/>
         <property name="devicePlatform" value=""/>
         <property name="logFolder" value="C:\\Users\\Karina\\Desktop\\Automation-Test-Oriontek\\Reports\\20201005_230053\\A\u00F1adir producto Carrito Amazon\\20201005_230053"/>
         <property name="logFiles" value="C:\\Users\\Karina\\Desktop\\Automation-Test-Oriontek\\Reports\\20201005_230053\\A\u00F1adir producto Carrito Amazon\\20201005_230053\\execution0.log"/>
         <property name="attachments" value=""/>
         <property name="hostName" value="Karina - DESKTOP-LK08F6R"/>
         <property name="os" value="Windows 10 64bit"/>
         <property name="katalonVersion" value="7.5.5.1"/>
         <property name="browser" value="Chrome 85.0.4183.121"/>
         <property name="hostAddress" value="172.20.10.8"/>
         <property name="sessionId" value="eda170f57d013eaeb627a0994b9128fb"/>
         <property name="seleniumVersion" value="3.141.59"/>
         <property name="proxyInformation" value="ProxyInformation { proxyOption=NO_PROXY, proxyServerType=HTTP, username=, password=********, proxyServerAddress=, proxyServerPort=0, executionList=\&quot;\&quot;, isApplyToDesiredCapabilities=true }"/>
         <property name="platform" value="Windows 10"/>
      </properties>
      <testcase name="Test Cases/A\u00F1adir Producto al Carrito/A\u00F1adir Producto por Seccion Categorias" time="42.775" classname="Test Cases/A\u00F1adir Producto al Carrito/A\u00F1adir Producto por Seccion Categorias" status="PASSED">
         <system-out><![CDATA[2020-10-05 23:00:57 - [TEST_CASE][PASSED] - Test Cases/A\u00F1adir Producto al Carrito/A\u00F1adir Producto por Seccion Categorias: Test Cases/Añadir Producto al Carrito/Añadir Producto por Seccion Categorias

2020-10-05 23:00:58 - [TEST_STEP][PASSED] - openBrowser(""): Browser is opened with url: ''

2020-10-05 23:00:58 - [MESSAGE][INFO] - Starting 'Chrome' driver

2020-10-05 23:00:58 - [MESSAGE][INFO] - Action delay is set to 0 milliseconds

2020-10-05 23:01:04 - [MESSAGE][PASSED] - Browser is opened with url: ''

2020-10-05 23:01:04 - [TEST_STEP][PASSED] - navigateToUrl("https://www.amazon.com/"): Navigate to 'https://www.amazon.com/' successfully

2020-10-05 23:01:09 - [MESSAGE][PASSED] - Navigate to 'https://www.amazon.com/' successfully

2020-10-05 23:01:09 - [TEST_STEP][PASSED] - maximizeWindow(): Current window maximized

2020-10-05 23:01:11 - [MESSAGE][PASSED] - Current window maximized

2020-10-05 23:01:11 - [TEST_STEP][PASSED] - if (waitForElementPresent(findTestObject("Añadir Producto al Carrito/Añadir producto por Categoria/click_Nav_Menu"), timeOut)): null

2020-10-05 23:01:14 - [MESSAGE][PASSED] - Object 'Object Repository/Añadir Producto al Carrito/Añadir producto por Categoria/click_Nav_Menu' is present

2020-10-05 23:01:14 - [TEST_STEP][PASSED] - click(findTestObject("Añadir Producto al Carrito/Añadir producto por Categoria/click_Nav_Menu")): Object: 'Object Repository/Añadir Producto al Carrito/Añadir producto por Categoria/click_Nav_Menu' is clicked on

2020-10-05 23:01:15 - [MESSAGE][PASSED] - Object: 'Object Repository/Añadir Producto al Carrito/Añadir producto por Categoria/click_Nav_Menu' is clicked on

2020-10-05 23:01:15 - [TEST_STEP][PASSED] - if (waitForElementPresent(findTestObject("Añadir Producto al Carrito/Añadir producto por Categoria/click_Bebe_Categoria"), timeOut)): null

2020-10-05 23:01:16 - [MESSAGE][PASSED] - Object 'Object Repository/Añadir Producto al Carrito/Añadir producto por Categoria/click_Bebe_Categoria' is present

2020-10-05 23:01:16 - [TEST_STEP][PASSED] - click(findTestObject("Añadir Producto al Carrito/Añadir producto por Categoria/click_Bebe_Categoria")): Object: 'Object Repository/Añadir Producto al Carrito/Añadir producto por Categoria/click_Bebe_Categoria' is clicked on

2020-10-05 23:01:16 - [MESSAGE][PASSED] - Object: 'Object Repository/Añadir Producto al Carrito/Añadir producto por Categoria/click_Bebe_Categoria' is clicked on

2020-10-05 23:01:16 - [TEST_STEP][PASSED] - if (waitForElementPresent(findTestObject("Añadir Producto al Carrito/Añadir producto por Categoria/click_Accesorios"), timeOut)): null

2020-10-05 23:01:17 - [MESSAGE][PASSED] - Object 'Object Repository/Añadir Producto al Carrito/Añadir producto por Categoria/click_Accesorios' is present

2020-10-05 23:01:17 - [TEST_STEP][PASSED] - click(findTestObject("Añadir Producto al Carrito/Añadir producto por Categoria/click_Accesorios")): Object: 'Object Repository/Añadir Producto al Carrito/Añadir producto por Categoria/click_Accesorios' is clicked on

2020-10-05 23:01:20 - [MESSAGE][PASSED] - Object: 'Object Repository/Añadir Producto al Carrito/Añadir producto por Categoria/click_Accesorios' is clicked on

2020-10-05 23:01:20 - [TEST_STEP][PASSED] - if (waitForElementPresent(findTestObject("Object Repository/Añadir Producto al Carrito/Añadir producto por Categoria/click_Calcetines_Algodon"), timeOut)): null

2020-10-05 23:01:21 - [MESSAGE][PASSED] - Object 'Object Repository/Añadir Producto al Carrito/Añadir producto por Categoria/click_Calcetines_Algodon' is present

2020-10-05 23:01:21 - [TEST_STEP][PASSED] - click(findTestObject("Object Repository/Añadir Producto al Carrito/Añadir producto por Categoria/click_Calcetines_Algodon")): Object: 'Object Repository/Añadir Producto al Carrito/Añadir producto por Categoria/click_Calcetines_Algodon' is clicked on

2020-10-05 23:01:24 - [MESSAGE][PASSED] - Object: 'Object Repository/Añadir Producto al Carrito/Añadir producto por Categoria/click_Calcetines_Algodon' is clicked on

2020-10-05 23:01:24 - [TEST_STEP][PASSED] - if (waitForElementPresent(findTestObject("Object Repository/Añadir Producto al Carrito/Añadir producto por Categoria/click_Select_Opcion_Size"), timeOut)): null

2020-10-05 23:01:27 - [MESSAGE][PASSED] - Object 'Object Repository/Añadir Producto al Carrito/Añadir producto por Categoria/click_Select_Opcion_Size' is present

2020-10-05 23:01:27 - [TEST_STEP][PASSED] - click(findTestObject("Object Repository/Añadir Producto al Carrito/Añadir producto por Categoria/click_Select_Opcion_Size")): Object: 'Object Repository/Añadir Producto al Carrito/Añadir producto por Categoria/click_Select_Opcion_Size' is clicked on

2020-10-05 23:01:28 - [MESSAGE][PASSED] - Object: 'Object Repository/Añadir Producto al Carrito/Añadir producto por Categoria/click_Select_Opcion_Size' is clicked on

2020-10-05 23:01:28 - [TEST_STEP][PASSED] - if (waitForElementPresent(findTestObject("Object Repository/Añadir Producto al Carrito/Añadir producto por Categoria/click_Calcetines_Size"), timeOut)): null

2020-10-05 23:01:28 - [MESSAGE][PASSED] - Object 'Object Repository/Añadir Producto al Carrito/Añadir producto por Categoria/click_Calcetines_Size' is present

2020-10-05 23:01:28 - [TEST_STEP][PASSED] - click(findTestObject("Object Repository/Añadir Producto al Carrito/Añadir producto por Categoria/click_Calcetines_Size")): Object: 'Object Repository/Añadir Producto al Carrito/Añadir producto por Categoria/click_Calcetines_Size' is clicked on

2020-10-05 23:01:29 - [MESSAGE][PASSED] - Object: 'Object Repository/Añadir Producto al Carrito/Añadir producto por Categoria/click_Calcetines_Size' is clicked on

2020-10-05 23:01:29 - [TEST_STEP][PASSED] - if (waitForElementPresent(findTestObject("Object Repository/Añadir Producto al Carrito/Añadir producto por Categoria/btn_Color_Calcetines"), timeOut)): null

2020-10-05 23:01:32 - [MESSAGE][PASSED] - Object 'Object Repository/Añadir Producto al Carrito/Añadir producto por Categoria/btn_Color_Calcetines' is present

2020-10-05 23:01:32 - [TEST_STEP][PASSED] - click(findTestObject("Object Repository/Añadir Producto al Carrito/Añadir producto por Categoria/btn_Color_Calcetines")): Object: 'Object Repository/Añadir Producto al Carrito/Añadir producto por Categoria/btn_Color_Calcetines' is clicked on

2020-10-05 23:01:34 - [MESSAGE][PASSED] - Object: 'Object Repository/Añadir Producto al Carrito/Añadir producto por Categoria/btn_Color_Calcetines' is clicked on

2020-10-05 23:01:34 - [TEST_STEP][PASSED] - colorSeleccionado = getText(findTestObject("Object Repository/Añadir Producto al Carrito/Añadir producto por Categoria/label_Color_Seleccionado")): Text of object 'Object Repository/Añadir Producto al Carrito/Añadir producto por Categoria/label_Color_Seleccionado' is: 'Girl Stripes'

2020-10-05 23:01:37 - [MESSAGE][PASSED] - Text of object 'Object Repository/Añadir Producto al Carrito/Añadir producto por Categoria/label_Color_Seleccionado' is: 'Girl Stripes'

2020-10-05 23:01:37 - [TEST_STEP][PASSED] - println(colorSeleccionado): null

2020-10-05 23:01:37 - [TEST_STEP][PASSED] - if (colorSeleccionado == colorMediaRosado): null

2020-10-05 23:01:37 - [TEST_STEP][PASSED] - println("Color correcto!"): null

2020-10-05 23:01:37 - [TEST_STEP][PASSED] - if (waitForElementPresent(findTestObject("Object Repository/Añadir Producto al Carrito/Añadir producto por Categoria/btn_Añadir_Carrito"), timeOut)): null

2020-10-05 23:01:37 - [MESSAGE][PASSED] - Object 'Object Repository/Añadir Producto al Carrito/Añadir producto por Categoria/btn_Añadir_Carrito' is present

2020-10-05 23:01:37 - [TEST_STEP][PASSED] - click(findTestObject("Object Repository/Añadir Producto al Carrito/Añadir producto por Categoria/btn_Añadir_Carrito")): Object: 'Object Repository/Añadir Producto al Carrito/Añadir producto por Categoria/btn_Añadir_Carrito' is clicked on

2020-10-05 23:01:39 - [MESSAGE][PASSED] - Object: 'Object Repository/Añadir Producto al Carrito/Añadir producto por Categoria/btn_Añadir_Carrito' is clicked on

2020-10-05 23:01:39 - [TEST_STEP][PASSED] - closeBrowser(): Browser is closed

2020-10-05 23:01:40 - [MESSAGE][PASSED] - Browser is closed]]></system-out>
         <system-err><![CDATA[]]></system-err>
      </testcase>
      <testcase name="Test Cases/A\u00F1adir Producto al Carrito/A\u00F1adir Producto por Barra de Busqueda" time="34.671" classname="Test Cases/A\u00F1adir Producto al Carrito/A\u00F1adir Producto por Barra de Busqueda" status="PASSED">
         <system-out><![CDATA[2020-10-05 23:01:40 - [TEST_CASE][PASSED] - Test Cases/A\u00F1adir Producto al Carrito/A\u00F1adir Producto por Barra de Busqueda: Test Cases/Añadir Producto al Carrito/Añadir Producto por Barra de Busqueda

2020-10-05 23:01:40 - [TEST_STEP][PASSED] - openBrowser(""): Browser is opened with url: ''

2020-10-05 23:01:40 - [MESSAGE][INFO] - Starting 'Chrome' driver

2020-10-05 23:01:40 - [MESSAGE][INFO] - Action delay is set to 0 milliseconds

2020-10-05 23:01:44 - [MESSAGE][PASSED] - Browser is opened with url: ''

2020-10-05 23:01:44 - [TEST_STEP][PASSED] - navigateToUrl("https://www.amazon.com/"): Navigate to 'https://www.amazon.com/' successfully

2020-10-05 23:01:47 - [MESSAGE][PASSED] - Navigate to 'https://www.amazon.com/' successfully

2020-10-05 23:01:47 - [TEST_STEP][PASSED] - maximizeWindow(): Current window maximized

2020-10-05 23:01:50 - [MESSAGE][PASSED] - Current window maximized

2020-10-05 23:01:50 - [TEST_STEP][PASSED] - if (waitForElementPresent(findTestObject("Object Repository/Añadir Producto al Carrito/Añadir Producto por Barra de Busqueda/input_Barra_Busqueda"), timeOut)): null

2020-10-05 23:01:52 - [MESSAGE][PASSED] - Object 'Object Repository/Añadir Producto al Carrito/Añadir Producto por Barra de Busqueda/input_Barra_Busqueda' is present

2020-10-05 23:01:52 - [TEST_STEP][PASSED] - setText(findTestObject("Añadir Producto al Carrito/Añadir Producto por Barra de Busqueda/input_Barra_Busqueda"), "Calcetines Touched by Nature de algodón orgánico"): Text 'Calcetines Touched by Nature de algodón orgánico' is set on object 'Object Repository/Añadir Producto al Carrito/Añadir Producto por Barra de Busqueda/input_Barra_Busqueda'

2020-10-05 23:01:53 - [MESSAGE][PASSED] - Text 'Calcetines Touched by Nature de algodón orgánico' is set on object 'Object Repository/Añadir Producto al Carrito/Añadir Producto por Barra de Busqueda/input_Barra_Busqueda'

2020-10-05 23:01:53 - [TEST_STEP][PASSED] - sendKeys(findTestObject("Añadir Producto al Carrito/Añadir Producto por Barra de Busqueda/input_Barra_Busqueda"), Keys.chord(ENTER)): Keys 'ENTER + ' sent to object: 'Object Repository/Añadir Producto al Carrito/Añadir Producto por Barra de Busqueda/input_Barra_Busqueda'

2020-10-05 23:01:57 - [MESSAGE][PASSED] - Keys 'ENTER + ' sent to object: 'Object Repository/Añadir Producto al Carrito/Añadir Producto por Barra de Busqueda/input_Barra_Busqueda'

2020-10-05 23:01:57 - [TEST_STEP][PASSED] - if (waitForElementPresent(findTestObject("Object Repository/Añadir Producto al Carrito/Añadir producto por Categoria/click_Calcetines_Algodon"), timeOut)): null

2020-10-05 23:01:58 - [MESSAGE][PASSED] - Object 'Object Repository/Añadir Producto al Carrito/Añadir producto por Categoria/click_Calcetines_Algodon' is present

2020-10-05 23:01:58 - [TEST_STEP][PASSED] - click(findTestObject("Object Repository/Añadir Producto al Carrito/Añadir producto por Categoria/click_Calcetines_Algodon")): Object: 'Object Repository/Añadir Producto al Carrito/Añadir producto por Categoria/click_Calcetines_Algodon' is clicked on

2020-10-05 23:01:59 - [MESSAGE][PASSED] - Object: 'Object Repository/Añadir Producto al Carrito/Añadir producto por Categoria/click_Calcetines_Algodon' is clicked on

2020-10-05 23:01:59 - [TEST_STEP][PASSED] - if (waitForElementPresent(findTestObject("Object Repository/Añadir Producto al Carrito/Añadir producto por Categoria/click_Select_Opcion_Size"), timeOut)): null

2020-10-05 23:02:03 - [MESSAGE][PASSED] - Object 'Object Repository/Añadir Producto al Carrito/Añadir producto por Categoria/click_Select_Opcion_Size' is present

2020-10-05 23:02:03 - [TEST_STEP][PASSED] - click(findTestObject("Object Repository/Añadir Producto al Carrito/Añadir producto por Categoria/click_Select_Opcion_Size")): Object: 'Object Repository/Añadir Producto al Carrito/Añadir producto por Categoria/click_Select_Opcion_Size' is clicked on

2020-10-05 23:02:03 - [MESSAGE][PASSED] - Object: 'Object Repository/Añadir Producto al Carrito/Añadir producto por Categoria/click_Select_Opcion_Size' is clicked on

2020-10-05 23:02:03 - [TEST_STEP][PASSED] - if (waitForElementPresent(findTestObject("Object Repository/Añadir Producto al Carrito/Añadir producto por Categoria/click_Calcetines_Size"), timeOut)): null

2020-10-05 23:02:05 - [MESSAGE][PASSED] - Object 'Object Repository/Añadir Producto al Carrito/Añadir producto por Categoria/click_Calcetines_Size' is present

2020-10-05 23:02:05 - [TEST_STEP][PASSED] - click(findTestObject("Object Repository/Añadir Producto al Carrito/Añadir producto por Categoria/click_Calcetines_Size")): Object: 'Object Repository/Añadir Producto al Carrito/Añadir producto por Categoria/click_Calcetines_Size' is clicked on

2020-10-05 23:02:05 - [MESSAGE][PASSED] - Object: 'Object Repository/Añadir Producto al Carrito/Añadir producto por Categoria/click_Calcetines_Size' is clicked on

2020-10-05 23:02:05 - [TEST_STEP][PASSED] - if (waitForElementPresent(findTestObject("Object Repository/Añadir Producto al Carrito/Añadir producto por Categoria/btn_Color_Calcetines"), timeOut)): null

2020-10-05 23:02:08 - [MESSAGE][PASSED] - Object 'Object Repository/Añadir Producto al Carrito/Añadir producto por Categoria/btn_Color_Calcetines' is present

2020-10-05 23:02:08 - [TEST_STEP][PASSED] - click(findTestObject("Object Repository/Añadir Producto al Carrito/Añadir producto por Categoria/btn_Color_Calcetines")): Object: 'Object Repository/Añadir Producto al Carrito/Añadir producto por Categoria/btn_Color_Calcetines' is clicked on

2020-10-05 23:02:08 - [MESSAGE][PASSED] - Object: 'Object Repository/Añadir Producto al Carrito/Añadir producto por Categoria/btn_Color_Calcetines' is clicked on

2020-10-05 23:02:08 - [TEST_STEP][PASSED] - colorSeleccionado = getText(findTestObject("Object Repository/Añadir Producto al Carrito/Añadir producto por Categoria/label_Color_Seleccionado")): Text of object 'Object Repository/Añadir Producto al Carrito/Añadir producto por Categoria/label_Color_Seleccionado' is: 'Girl Stripes'

2020-10-05 23:02:11 - [MESSAGE][PASSED] - Text of object 'Object Repository/Añadir Producto al Carrito/Añadir producto por Categoria/label_Color_Seleccionado' is: 'Girl Stripes'

2020-10-05 23:02:11 - [TEST_STEP][PASSED] - println(colorSeleccionado): null

2020-10-05 23:02:11 - [TEST_STEP][PASSED] - if (colorSeleccionado == colorMediaRosado): null

2020-10-05 23:02:11 - [TEST_STEP][PASSED] - println("Color correcto!"): null

2020-10-05 23:02:11 - [TEST_STEP][PASSED] - if (waitForElementPresent(findTestObject("Object Repository/Añadir Producto al Carrito/Añadir producto por Categoria/btn_Añadir_Carrito"), timeOut)): null

2020-10-05 23:02:12 - [MESSAGE][PASSED] - Object 'Object Repository/Añadir Producto al Carrito/Añadir producto por Categoria/btn_Añadir_Carrito' is present

2020-10-05 23:02:12 - [TEST_STEP][PASSED] - click(findTestObject("Object Repository/Añadir Producto al Carrito/Añadir producto por Categoria/btn_Añadir_Carrito")): Object: 'Object Repository/Añadir Producto al Carrito/Añadir producto por Categoria/btn_Añadir_Carrito' is clicked on

2020-10-05 23:02:13 - [MESSAGE][PASSED] - Object: 'Object Repository/Añadir Producto al Carrito/Añadir producto por Categoria/btn_Añadir_Carrito' is clicked on

2020-10-05 23:02:13 - [TEST_STEP][PASSED] - closeBrowser(): Browser is closed

2020-10-05 23:02:14 - [MESSAGE][PASSED] - Browser is closed]]></system-out>
         <system-err><![CDATA[]]></system-err>
      </testcase>
      <system-out><![CDATA[2020-10-05 23:00:57 - [TEST_SUITE][PASSED] - A\u00F1adir producto Carrito Amazon: Test Cases/Añadir Producto al Carrito/Añadir Producto por Barra de Busqueda]]></system-out>
      <system-err><![CDATA[]]></system-err>
   </testsuite>
</testsuites>
